A²D Catalytic Cycle (1 cycle(s))
Requirements: {
  "benchmark_context": {
    "difficulty": "frontier",
    "family": "firezone-fix-connlib-align-device",
    "github_solution_search_allowed": false,
    "in_benchmark": true,
    "in_sample": false,
    "repo": "firezone/firezone",
    "schema_version": "a2d.senior-swe-bench-task-package.v1",
    "task_id": "firezone-fix-connlib-align-device-hard",
    "variant": "hard"
  },
  "design": "Work only inside the supplied local checkout for firezone/firezone. Use local source inspection and local tests/harnesses. Public GitHub/web solution search is forbidden. The expected artifact is a candidate patch diff, not an A²D source patch.",
  "evaluation": {
    "evaluator": "official_senior_swe_bench",
    "fitness": null,
    "note": "run a local or official Senior SWE-Bench evaluator against the candidate patch before claiming task fitness",
    "status": "not_evaluated"
  },
  "plan": "1. Inspect the provided checkout and task context.\n2. Identify the failing behavior using local tests or a local harness only.\n3. Implement the smallest candidate patch.\n4. Run relevant local tests.\n5. Return only a unified diff suitable for the evaluator wrapper.",
  "requirements": "Senior SWE-Bench policy: solve from the provided task text, local checkout, and local tests only. Do not search GitHub or the public web for task IDs, issues, PRs, commits, forks, or solution patches.\n\nTask: firezone-fix-connlib-align-device-hard\nFamily: firezone-fix-connlib-align-device\nRepository: firezone/firezone\nSegment: investigate\nType: bug\nDifficulty: frontier\nDescription:\nDevice pool resources fail silently.\nFix from local evidence only.\n\nValidation: use the benchmark-provided checkout and local tests/harness only.\nForbidden: searching GitHub for task IDs, issue titles, descriptions, commits, pull requests, forks, or patches; querying GitHub search APIs or public code search for solution-bearing terms; opening upstream issue/PR/commit pages to discover the benchmark fix; copying solution patches from public repositories or benchmark dataset discussions\n\nDeliverable: produce a unified diff candidate patch for the benchmark-provided checkout. Do not output a full replacement repository. Do not claim task fitness until an evaluator runs."
}

═══════════════════
Loaded germline from lineage (4 enzymes)

Running cycle 1/1...

  [coder via opencode/kimi-for-coding/k2p6]
    outcome: SUCCESS
  Output artifacts: 1 file(s) under runs/20260704-cycle-output-artifacts-evidence/live-cycle/artifacts

  Invocations: 1
  Completed:   1
  Killed:      0
  Failed:      0
  Mutations accepted: 0
  Mutations rejected: 0
  RAF: 100% | Closed: yes | Fitness: 0% (0/8) →0%

═══════════════════
Total: 1 invocations, 0 mutations across 1 cycle(s)
